 Loading the index...--- SPO ---
A (bytes) : 4344763148
C (bytes) : 232727587
--- OSP ---
A (bytes) : 2317833965
C (bytes) : 233091643
--- POS ---
A (bytes) : 4344763148
C (bytes) : 177225969

 Index loaded 11650405492 bytes
0;1000;5128064
1;1000;284431163
2;1000;13561259
3;1000;962268704
4;1000;326637311
5;57;1707512153
6;1000;86182441
7;1000;511827171
8;1000;195186400
9;1000;16259169
10;1000;71048489
11;1000;154915614
12;1000;258000441
13;57;1738955841
14;1000;10412465
15;1000;25638362
16;1000;148491703
17;1000;8982277
18;1000;56317467
19;1000;382069788
20;0;64386444
21;1000;7877066
22;1000;61502336
23;1000;48319109
24;1000;14715032
25;1000;11441381
26;1000;14444790
27;1000;4679631
28;1000;10623809
29;1000;897918
30;1000;186991329
31;1000;1380222670
32;1000;10429827
33;1000;18309326
34;1000;5028990
35;1000;68368296
36;183;116156145515
37;1000;73798045
38;1000;6811580
39;1000;15830636
40;1000;2680237938
41;1000;24187548
42;1000;40860460
43;1000;156236502
44;8;1922880645
45;1000;46584016
46;229;1924438368
47;0;2840950
48;71;2269941524
49;1000;17747272
50;1000;23565868
51;1000;43062478
52;1000;37077751
53;1000;24153797
54;1000;17707505
55;1000;36309124
56;1000;341413998
57;0;2745872363
58;83;1918172963
59;79;1916523622
60;1000;17720042
61;1000;22979712
62;95;19071228
63;1000;2841282
64;1000;36618356
65;1000;21151778
66;0;37955092
67;0;24866634
68;28;25698822
69;20;52932924
70;1000;37040808
71;1000;26344174
72;1000;438596629
73;1000;319372472
74;1000;82982495
75;1000;12257009
76;1000;17132260
77;1000;9567710
78;1000;22895496
79;1000;5881815
80;1000;32607344
81;1000;31654029
82;1000;17445843
83;25;7020885
84;200;21579912
85;398;20211223
86;692;65397426
87;1000;12488488
88;1000;36095189
89;1000;13378391
90;1000;32237430
91;23;3705875
92;1000;293604600
93;1000;293907177
94;1000;10987110
95;1000;14671795
96;1000;21362559
97;1000;11253645
98;1000;57722937
99;1000;4668775
100;1000;24779054
101;1000;97227228
102;1000;64498022
103;1000;152750554
104;41;7131258
105;1000;28836944
106;1000;24899515
107;1000;26746848
108;1000;11714705
109;0;837427
110;1000;70965004
111;1000;73542440
112;1000;8593287
113;1000;36381289
114;1000;116364702
115;1000;72561373
116;1000;26383202
117;1000;622477617
118;0;101078
119;0;98646
120;1000;2334513
121;1000;26500205
122;0;2011371502
123;1000;22215438
124;1000;10144088
125;606;36095274
126;1000;46534685
127;1000;24511210
128;1000;12329979
129;1000;87625165
130;1000;31780694
131;605;12774874
132;0;233703511
133;1000;51924673
134;1000;25549656
135;585;22062825
136;1;17509262
137;1;25675829
138;322;26249186
139;1000;36423473
140;50;71762520
141;1000;5334137
142;1000;2305392
143;1000;20421067
144;62;51360963
145;1000;20751433
146;1000;14352830
147;1000;34084371
148;1000;31229418
149;1000;34794618
150;99;88501951
151;1000;7705653
152;1000;26299870
153;1000;84060132
154;1000;18737809
155;1000;15204393
156;365;5620456
157;1000;2816425
158;1000;673058342
159;1000;663959135
160;1000;709983957
161;1000;612543069
162;922;1055491836
163;1000;14758143
164;1000;7590925
165;1000;15483666
166;1000;17313110
167;1000;25376913
168;1000;20125116
169;1000;17166615
170;1000;23278531
171;1000;28559987
172;1000;17035754
173;1000;6434528
174;1000;14889042
175;1000;5390924
176;1000;22994047
177;1000;335191485
178;1000;15348376
179;1000;4197889
180;1000;24302921
181;1000;24299799
182;1000;30945370
183;1000;15570016
184;1000;15358280
185;1000;11898849
186;1000;13441108
187;1000;13580583
188;1000;34633524
189;0;37028492711
190;118;51606243
191;1000;18295932
192;1000;34159185
193;1000;21546519
194;0;116762455
195;1000;4192669
196;1000;1984463
197;1000;331009404
198;1000;10431602
199;1000;16979403
200;1000;15919944
201;296;126079549
202;1000;11270372
203;1000;79569528
204;1000;23288030
205;1000;5659064
206;1000;10329068
207;1000;6298135
208;1000;22369918
209;1000;41450135
210;1000;10205632
211;1000;354130354
212;1000;19081192
213;1000;432555043
214;1000;5052609
215;0;68235
216;1000;8191401
217;1000;25612954
218;1000;7469605
219;1000;7630344
220;1000;15113265
221;1000;15086571
222;1000;28609144
223;18;5022991535
224;1000;21882502
225;1000;20542396
226;1000;10297708
227;86;108438365
228;12;4654042
229;1000;11071856
230;1000;5405864
231;1000;16874609
232;18;4432471
233;1000;23909860
234;1000;11299059
235;1000;21696246
236;1000;381725182
237;1000;2624830
238;1000;33380446
239;57;1682814
240;1000;4991512
241;1000;7346422
242;1000;4746556
243;1000;25426148
244;1000;27561462
245;78;80983413
246;1000;7960171
247;1000;33905356
248;1000;22615813
249;1000;26040158
250;1000;10318880
251;1000;8949513
252;1000;36240284
253;1000;8377828
254;1000;24835751
255;1000;138786572
256;201;5288382
257;1000;26708061
258;432;5685322
259;1000;6578108
260;1000;18344944
261;171;9751233
262;1000;17316436
263;1000;22601481
264;1000;31509115
265;1000;1046769708
266;1000;17023442
267;1000;7897520
268;1000;6769191
269;1000;17906776
270;1000;5502824
271;0;53478
272;1000;25714500
273;257;36864378
274;1000;26605235
275;1000;4795358
276;5;6152126820
277;1000;23302308
278;617;8479401
279;1000;6945090
280;1000;13636578
281;1000;126450298
282;0;2233069
283;1000;4669554
284;1000;8793271
285;1000;18535624
286;340;40844701
287;202;21586817
288;1000;3795180
289;1000;15307844
290;1000;110363199
291;1000;10700440
292;1000;56627398
293;1000;13927437
294;1000;26320804
295;1000;33018259
296;1000;24587985
297;1000;21067828
298;1000;51816441
299;0;66700
300;1000;10358212
301;1000;23712583
302;29;10230885
303;1000;7947037
304;1000;10682287
305;0;843984844
306;1000;25744047
307;1000;31229337
308;1000;12628664
309;330;12551899
310;1000;20261431
311;1000;3400590
312;1000;14177397
313;68;3385135
314;38;1959779
315;1000;17578540
316;1000;10319564
317;1000;8064183
318;1000;7014217
319;1000;28115543
320;1000;10464413
321;1000;23235633
322;1000;31265507
323;703;1568124478
324;697;566772062
325;1000;102875344
326;1000;19104666
327;1000;16919261
328;362;22404125
329;1000;32259074
330;0;5182277
331;1000;33579123
332;1000;12387747
333;1000;4219493
334;267;11260788106
335;1000;9612148
336;1000;31926511
337;1000;16959485
338;1000;13547490
339;1000;7627285
340;1000;7789935
341;1000;212950741
342;1000;3635935
343;1000;9118366
344;1000;15060286
345;1000;9206183
346;1000;6846902
347;1000;7901443
348;1000;12230282
349;1000;20179909
350;1000;28322819
351;1000;2306752
352;1000;9195976
353;1000;24512755
354;1000;4842775
355;1000;9497756
356;1000;16308949
357;1000;15013490
358;1000;18884455
359;0;9234337742
360;1000;3456654
361;1000;10065782
362;609;13761878
363;1000;12442761
364;1000;19284511
365;10;474890
366;1000;7068351
367;8;1379740
368;1000;4958064
369;1000;7429581
370;1000;14590341
371;1000;21129018
372;1000;12628401
373;1000;9344344
374;1000;7321790
375;1000;7082170
376;1000;4064980
377;1000;10720005
378;1000;1736767
379;1000;4060575
380;1000;5646631
381;1000;5662534
382;1000;1749561
383;1000;1733463
384;1000;1757531
385;1000;4823792
386;1000;6324470
387;1000;8001822
388;1000;4074837
389;1000;3255056
390;1000;1745613
391;1000;8822976
392;1000;7487747
393;1000;7801762
394;1000;10352925
395;1000;15163966
396;1000;9563415
397;1000;42294262
398;1000;11049972
399;60;1569018
400;1000;16718598
401;1000;7763449
402;1000;12671703
403;1000;20645137
404;1000;24366054
405;1000;9192867
406;1000;3211103
407;1000;14875099
408;1000;16860078
409;1000;20205434
410;1000;15150957
411;1000;13997090
412;1000;29858204
413;1000;19969836
414;1000;6619529
415;1000;14328857
416;19;5885048
417;1000;16859748
418;1000;4874301
419;1000;14221170
420;0;10548461055
421;1000;16867239
422;1000;6992765
423;1000;3756343
424;1000;6886301
425;1000;23124891
426;1000;2142755
427;1000;8928952
428;1000;6512386
429;1000;19629276
430;1000;9899533
431;1000;8284284
432;1000;15354898
433;1000;4721624
434;1000;12072649
435;1000;5707808
436;1000;4723214
437;1000;9201187
438;1000;21453780
439;1000;8207999
440;1000;8994557
441;1000;7856825
442;1000;4919669
443;1000;2028786
444;1000;18269469
445;1000;10248163
446;1000;4343135
447;0;341452694
448;1000;6732058
449;1000;16556189
450;1000;9239934
451;1000;12985794
452;344;6009742
453;1000;13510778
454;1000;6075840
455;781;26834536
456;1000;8101329
457;1000;10301670
458;1000;12061500
459;1000;828302
460;91;2648786
461;657;10577199
462;23;2097216282
463;1000;20637958
464;1000;3853631
465;1000;11492982
466;1000;10199919
467;1000;13676952
468;1000;18284887
469;1000;9582671
470;1000;25426503
471;7;320805
472;62;132518701
473;1000;14170174
474;55;131393441
475;0;14606929
476;0;22931074
477;0;7421774
478;0;7715122
479;0;6735398
480;1000;15784736
481;1000;9073068
482;1000;8507298
483;701;19209452
484;1000;10775788
485;1000;31520490
486;1000;17452307
487;1000;10798547
488;1000;10219325
489;1000;10758119
490;1000;7885306
491;1000;16935318
492;1000;13395900
493;6;651435
494;1000;43674373
495;1000;6147733
496;1000;20234071
497;1000;43730651
498;1000;9421726
499;1000;7791137
500;1000;13059923
501;1000;8503676
502;0;438640821
503;140;4052935
504;1000;19375241
505;1000;3999478
506;17;840947
507;1000;8101032
508;1000;12078496
509;221;23933504
510;1000;2180569
511;1000;12135082
512;1000;17607852
513;1000;10984873
514;1000;4666148
515;1000;15018817
516;1000;12071057
517;1000;10422858
518;1000;11073254
519;1000;12116716
520;1000;8161653
521;1000;10094923
522;1000;24628976
523;1000;15809186
524;0;50268
525;1000;28995175
526;1000;2960868
527;0;48057
528;1000;15199955
529;1000;15727656
530;1000;4955902
531;20;479832
532;1000;20536673
533;1000;3859503
534;1000;5283818
535;1000;4364657
536;1000;14550929
537;1000;12138976
538;1000;3960630
539;1000;17501300
540;1000;16362427
541;370;622050305
542;1000;24546815
543;1000;8091180
544;35;1559855
545;746;20941010
546;1000;17659759
547;193;3311108
548;1000;18936339
549;1000;15904353
550;1000;11696174
551;315;9112744
552;1000;6655708
553;1000;11747061
554;2;144122
555;15;1595292616
556;1000;30767850
557;1000;17742775
558;1000;12646911
559;1000;18697669
560;1000;14532590
561;1000;19901790
562;1000;5071694
563;1000;2180445
564;1000;10944806
565;50;667194
566;490;36162084
567;1000;17391243
568;86;24805380
569;1000;19220451
570;1000;13863728
571;1000;28753064
572;1000;3685382
573;1000;5245357
574;1000;11682895
575;1000;14392433
576;1000;9550298
577;1000;23694265
578;1000;16356086
579;1000;17345850
580;1000;3384953
581;1000;10165020
582;1000;5963020
583;1000;8872161
584;1000;15117844
585;1000;67467358
586;1000;14078241
587;1000;13347005
588;1000;14574665
589;1000;15130294
590;1000;25371138
591;1000;3059448
592;54;1340287636
593;1000;12252711
594;0;5074035786
595;1000;3709529
596;1000;16506467
597;1000;8590654
598;1000;20424763
599;1000;10808644
600;1000;19383751
601;1000;15475035
602;1000;22168837
603;1000;13189971
604;1000;10216226
605;93;2224136
606;1000;20663665
607;1000;15373734
608;1000;4065353
609;0;62000
610;24;742602
611;1000;20889558
612;1000;8966646
613;1000;14400850
614;1000;5260221
615;1000;36522291
616;1000;7298468
617;119;4489152722
618;1000;11532570
619;1000;9609157
620;1000;22349025
621;1000;10108745
622;1000;6123585
623;1000;14488042
624;1000;18792164
625;1000;16445596
626;0;2970678
627;1000;156170548
628;47;1166290
629;1000;11356542
630;1000;24464803
631;1000;15265314
632;1000;12682293
633;0;861090252
634;1000;9264529
635;0;293317009
636;0;57016154
637;0;50448
638;1000;9661144
639;1000;9351599
640;1000;42044642
641;1000;6512593
642;407;18793054
643;1000;20201204
644;293;37202723
645;1000;6691600
646;1000;13979768
647;1000;15852933
648;1000;16797005
649;1000;18031993
650;1000;44606888
651;1000;16647263
652;1000;3109122
653;1000;1909210
654;1000;10020460
655;1000;7367241
656;1000;5402755
657;267;13463216
658;1000;15859349
659;1000;3972190
660;1000;4410187
661;1000;31180627
662;1000;21942984
663;1000;7276413
664;6;423198
665;68;45414630
666;170;6341031
667;1000;25220629
668;1000;17734052
669;1000;9554750
670;1000;5480474
671;1000;25871372
672;1000;6673037
673;1000;18352099
674;1000;5931248
675;595;9472146
676;1000;19303746
677;302;9107923
678;1000;20763164
679;1000;11549152
680;1000;24992866
681;1000;5900372
682;260;2659363
683;34;2258829
684;1000;7766275
685;1000;16120737
686;1000;19331928
687;0;3775425
688;1000;18181686
689;1000;15656301
690;1000;14502574
691;1000;24457630
692;1000;12507886
693;1000;18726787
694;1000;9368425
695;1000;14460962
696;1000;15636595
697;1000;10498773
698;1000;4742309
699;1000;8934541
700;1000;6082986
701;1000;9197558
702;1000;12905863
703;1000;5669366
704;23;529909
705;1000;14655010
706;1000;11950396
707;56;744012
708;1000;12228801
709;1000;7533204
710;1000;10086670
711;1000;4318478
712;1000;4997959
713;1000;9126733
714;2;111100
715;1000;12755621
716;1000;12763911
717;1000;10075703
718;1000;6490381
719;1000;8258858
720;1000;17977877
721;1000;10712705
722;1000;11369594
723;1000;6288685
724;1000;11113640
725;8;282222
726;1000;16425223
727;1000;11511364
728;1000;6479187
729;15;438767
730;1000;10094343
731;1000;13949243
732;1000;11529082
733;1000;8932587
734;1000;13491135
735;1000;11787958
736;1000;11418532
737;1000;10267227
738;1000;9820963
739;1000;10850516
740;1000;14397767
741;1000;16141583
742;1000;15248632
743;1000;13166341
744;1000;10703424
745;1000;5160122
746;1000;10887132
747;110;1759251
748;1000;6370074
749;1000;9071311
750;1000;5225031
751;1000;11910263
752;1000;11322937
753;1000;4613767
754;1000;14456015
755;1000;12556642
756;1000;6689999
757;1000;6742578
758;1000;9821070
759;1000;7240784
760;1000;15678376
761;1000;10206076
762;1000;11173002
763;1000;11369675
764;1000;5941533
765;1000;11646226
766;22;559767
767;1000;16120159
768;1000;6538326
769;1000;14317812
770;1000;10865894
771;1000;11244031
772;1000;11371729
773;1000;6091289
774;1000;9607263
775;1000;2802071
776;413;5836568
777;1000;8365386
778;1000;14934341
779;1000;8261769
780;1000;10387518
781;1000;13474135
782;1000;13660176
783;1000;11011997
784;1000;7306290
785;1000;17209844
786;1000;16863621
787;1000;10009005
788;1000;11880529
789;104;1285212
790;1000;12112039
791;1000;10741194
792;405;7020559
793;1000;9803385
794;1000;7525822
795;1000;10612760
796;1000;3180463
797;1000;13687101
798;13;369378
799;24;606170
800;11;361833
801;1000;12496989
802;71;1152970
803;1000;12507429
804;1000;8426284
805;28;646767
806;1000;15932356
807;1000;13916062
808;16;508057
809;16;552736
810;12;440980
811;1000;14343764
812;1000;11270100
813;1000;15833561
814;1000;19797310
815;1000;7351131
816;1000;6624639
817;1000;16577486
818;1000;16345033
819;124;2029712
820;1000;17262254
821;1000;13460670
822;1000;14807362
823;1000;10752617
824;1000;14426364
825;1000;16940127
826;1000;5151731
827;1000;12852458
828;1000;12407196
829;1000;14450687
830;1000;6435404
831;1000;5414528
832;1000;12591919
833;1000;12690058
834;1000;5029289
835;1000;8904258
836;1000;12321281
837;1000;11381217
838;1000;10485347
839;1000;15103219
840;1000;10835445
841;62;1122224
842;82;1452136
843;1000;5767059
844;693;10614182
845;1000;12263919
846;1000;10039376
847;1000;14665271
848;1000;12934047
849;1000;17242758
850;260;4035248
851;176;3237640
852;1000;14689750
853;1000;12187662
854;1000;11138632
855;1000;8669849
856;582;14213648
857;27;613976
858;1000;5278350
859;1000;8122348
860;1000;15923170
861;1000;8082051
862;1000;11973322
863;1000;15363334
864;1000;18173198
865;154;2308379
866;1000;7030442
867;1000;11911499
868;1000;9780923
869;1000;16927116
870;1000;14012353
871;1000;10614783
872;1000;7216772
873;1000;14984657
874;382;5498711
875;1000;7934179
876;1000;16356600
877;1000;14410202
878;45;856437
879;1000;15660929
880;6;240432
881;1000;15777839
882;1000;20901914
883;1000;8352796
884;1000;8760742
885;1000;9504031
886;1000;9099821
887;1000;14838972
888;1000;15924514
889;10;340477
890;1000;13011966
891;1000;13438475
892;1000;13369526
893;623;9485443
894;444;5393531
895;1000;8913359
896;981;18212698
897;1000;9234248
898;1000;10742360
899;1000;16906192
900;1000;12449801
901;1000;16342907
902;1000;12840215
903;1000;16683236
904;1000;11361360
905;1000;11277115
906;1000;4602400
907;1000;9769616
908;1000;6386871
909;1000;3830030
910;1000;12862225
911;1000;13664925
912;1000;18555837
913;1000;15575763
914;1000;11587327
915;1000;13250470
916;1000;5297659
917;1000;2120755
918;1000;4217510
919;1000;3775870
920;1000;11757306
921;100;1397361
922;1000;12954144
923;1000;17192735
924;1000;9105582
925;1;2479498
926;1000;170128075
927;2;247583
928;113;9975986
929;73;24768702
930;647;22825846
931;1000;5801000
932;1000;5955819
933;1000;9828071
934;459;2449868
935;670;22822179
936;0;78559
937;1000;38039138
938;1000;5298809
939;137;947443
940;1000;19008028
941;1000;5044951
942;7;164527
943;20;1405951
944;1000;4687266
945;1000;9253899
946;0;47863
947;2;289093
948;1000;3726292
949;31;3412827
950;33;41651997
951;1000;3589805
952;1000;99677132
953;1000;4740402
954;1000;3932490
955;1000;61869436
956;1000;4652948
957;203;1915886
958;666;2967763
959;1000;3522891
960;1000;3174450
961;107;1722554
962;1000;3325743
963;1000;3591708
964;1000;5500426
965;1000;5502911
966;258;1908671
967;1000;4172256
968;1000;8756428
969;1000;4940558
970;1000;4603592
971;0;352793
972;1000;26790389
973;36;938481
974;32;354589
975;52;10028815
976;15;1270480
977;37;3782044
978;35;780661
979;0;81977
980;116;13332211
981;3;198370
982;31;579458
983;1000;3581880
984;1000;4566936
985;403;25181114
986;1000;19412694
987;1000;20297940
988;372;52737924
989;65;9745914
990;282;10465525
991;1000;6107564
992;11;4854179
993;731;13178183
994;77;1437926
995;1000;2755470
996;1000;4780472
997;59;490544
998;50;6084948
999;63;906170
1000;0;106970
1001;0;49218
1002;1000;3790332
1003;1000;1510641
1004;1000;3536767
1005;0;48407
1006;764;3800703
1007;1000;3618545
1008;20;157412
1009;183;1348726
1010;1000;2311106
1011;54;500422
1012;1000;1145128
1013;1000;1822061
1014;54;504105
1015;0;48933
1016;233;1519539
1017;1000;1647929
1018;71;547210
1019;1000;2378306
1020;198;300578
1021;1000;2416022
1022;1000;3017641
1023;1000;1299387
1024;156;854390
1025;1000;2795650
1026;1000;2453963
1027;131;1051399
1028;1000;2628823
1029;1000;1014012
1030;339;2234641
1031;634;3568877
1032;1000;845812
1033;351;2244954
1034;1000;3094152
1035;1000;1054237
1036;1000;4911512
1037;1000;2311116
1038;1000;2188773
1039;0;49657
1040;1000;1175211
1041;1000;3962849
1042;1;84117
1043;1000;1557259
1044;357;1725432
1045;1000;3107612
1046;0;36320
1047;1000;4996545
1048;10;164891
1049;14;217074
1050;1000;2105249
1051;1000;1645197
1052;1000;3020806
1053;1000;3786740
1054;8;148243
1055;0;43435
1056;1000;4491544
1057;1000;3436005
1058;1000;3297245
1059;1000;889757
1060;74;614983
1061;1000;4020479
1062;1000;3269208
1063;1000;2504861
1064;1000;2977115
1065;1000;2714866
1066;1;79128
1067;1;88392
1068;1000;2578041
1069;63;530997
1070;1000;1825326
1071;1000;1594304
1072;1000;2034559
1073;1000;3130942
1074;20;266095
1075;751;4245677
1076;1000;2296561
1077;1000;3229753
1078;1000;1270734
1079;37;355575
1080;309;2187476
1081;0;44188
1082;1000;3539060
1083;1000;2233178
1084;1000;2691180
1085;1000;3789822
1086;1;84938
1087;60;520332
1088;0;42564
1089;0;41668
1090;0;41605
1091;0;40789
1092;1000;2578613
1093;0;41755
1094;0;41696
1095;0;40970
1096;1;76789
1097;0;41498
1098;0;42257
1099;102;151070
1100;0;42267
1101;150;999084
1102;0;39316
1103;62;496597
1104;67;600939
1105;8;145027
1106;45;448430
1107;1000;3239775
1108;167;409837
1109;922;4309134
1110;1000;3467155
1111;341;1096715
1112;2;102962
1113;295;1715863
1114;0;42738
1115;0;40818
1116;0;41476
1117;20;127719
1118;559;3243225
1119;1;80122
1120;1000;2303442
1121;1000;4797692
1122;2;106256
1123;1;87664
1124;1;93491
1125;285;1145501
1126;1000;3051655
1127;21;281303
1128;42;439555
1129;1000;1622353
1130;1000;2531385
1131;131;1001515
1132;1;92540
1133;1000;3285722
1134;1000;2250343
1135;1000;3426498
1136;1000;1085007
1137;29;325152
1138;4;130537
1139;1000;5177569
1140;1000;3351183
1141;29;232037
1142;805;3621218
1143;249;1675776
1144;11;194910
1145;681;2881488
1146;108;819815
1147;54;497325
1148;89;806709
1149;733;4105397
1150;1000;980015
1151;1000;3444082
1152;7;147566
1153;1000;3351982
1154;318;1418468
1155;3;104915
1156;299;1945219
1157;1;79995
1158;366;2129891
1159;1000;2739381
1160;1000;3094963
1161;1000;3742777
1162;40;345256
1163;1;91707
1164;1;93839
1165;0;52328
1166;204;326692
1167;1000;2838803
1168;1;79527
1169;1000;1180214
1170;473;2652626
1171;7;138510
1172;0;36740
1173;1000;3946936
1174;1000;2664288
1175;1000;3801932
1176;40;407512
1177;1000;3170681
1178;282;1659757
1179;1000;2177389
1180;1;94027
1181;1000;2375296
1182;14;168497
1183;38;334824
1184;114;874137
1185;1;85213
1186;55;371984
1187;1000;4129426
1188;2;101848
1189;23;266184
1190;222;1248916
1191;305;1095677
1192;1000;5234436
1193;1000;2436650
1194;1000;4574444
1195;3;123475
1196;1000;3852749
1197;0;49795
1198;34;422897
1199;534;3283100
1200;1000;2184816
1201;1000;2497795
1202;45;284468
1203;1000;3749034
1204;1;80457
1205;1;78927
1206;9;136398
1207;20;259524
1208;890;3989290
1209;1000;3087313
1210;1000;4480344
1211;7;177284
1212;1;87110
1213;338;1067303
1214;16;194890
1215;1;94110
1216;1;89225
1217;1000;4158805
1218;35;372490
1219;27;301527
1220;1000;2930779
1221;1000;4799633
1222;222;1393337
1223;210;1102539
1224;1000;2612282
1225;1000;3586659
1226;1000;3267584
1227;17;210592
1228;277;1636929
1229;114;766462
1230;0;43337
1231;0;42252
1232;1000;4882144
1233;13;272103
1234;6;140175
1235;1000;2922233
1236;38;422495
1237;1000;2546078
1238;1000;3111501
1239;78;580780
1240;1000;1871036
1241;50;456585
1242;320;2089042
1243;1000;1918042
1244;1000;2240673
1245;0;43000
1246;259;1759369
1247;1;94825
1248;1;93173
1249;1000;5485422
1250;1;95852
1251;1;95321
1252;3;106778
1253;2;107404
1254;479;3090741
1255;1;85784
1256;0;35912
1257;0;35712
1258;0;35953
1259;0;36678
1260;0;50611
1261;0;49754
1262;1000;3784860
1263;1000;4754769
1264;150;1194631
1265;1000;2179516
1266;1000;4570088
1267;500;3035160
1268;269;1762549
1269;1;85412
1270;1000;2776078
1271;654;2919374
1272;72;539557
1273;860;3755945
1274;34;369829
1275;13;176340
1276;1000;3635223
1277;1000;3048421
1278;1000;3213190
1279;5;128660
1280;185;1343256
1281;70;633237
1282;1000;3432922
1283;27;316405
1284;215;1113347
1285;76;632527
1286;1000;2901942
1287;1000;2282262
1288;1;81214
1289;1;79713
1290;1;80172
1291;1;89170
1292;68;499155
1293;9;162407
1294;0;50332
