 Loading the index...--- SPO ---
A (bytes) : 4344763148
C (bytes) : 232727587
--- OSP ---
A (bytes) : 2317833965
C (bytes) : 233091643
--- POS ---
A (bytes) : 4344763148
C (bytes) : 177225969

 Index loaded 11650405492 bytes
0;89431855;601000116576
1;463380;270280255845
2;22184113;110884741444
3;3246549;601000208257
4;510754;364008101038
5;57;1612399457
6;518517;47519059154
7;33898;34934663974
8;2132147;601000178523
9;122389139;601000136649
10;734022;59630591842
11;3631906;250453079735
12;529446;308160362109
13;57;1666593948
14;15279819;601000264315
15;10965664;601000257612
16;2606748;601000135101
17;149864509;601000117189
18;1075685;59828438640
19;1478152;601000405214
20;0;59984256
21;79738;646459750
22;20238;3234969849
23;7014667;601000078356
24;52757372;601000100789
25;66685269;601000059684
26;1450219;20111243828
27;124306804;601000054612
28;50494881;601000095464
29;51872623;38501763734
30;22595501;601000269135
31;20596773;492786880994
32;7379103;80155284805
33;1729935;4224435009
34;128798;3219674327
35;565423;9643910883
36;183;105818711460
37;821107;47895208614
38;123927859;601000168904
39;1078692;11152957533
40;2395199;75952860097
41;2395215;40209412856
42;672925;26505093962
43;79597;10492128290
44;8;1910696591
45;2147628;74280756600
46;229;1917648162
47;0;2665495
48;71;2256133791
49;1709097;45103028755
50;680330;16665426477
51;5799;239801673
52;739946;24627669396
53;736248;15850327006
54;2728617;64421666414
55;3583;115721845
56;26585;7995015872
57;0;2492048732
58;83;1902822507
59;79;1904140088
60;52146446;601000144913
61;66135;1891245720
62;95;17372034
63;10934795;22607801312
64;1194560;30516115685
65;3409392;70947437809
66;0;32689207
67;0;22181675
68;28;25369323
69;20;50588547
70;739946;24660104659
71;2395247;45842860361
72;5680;273132345
73;1104;563099700
74;2267;177520056
75;108951041;601000143883
76;822121;13478846369
77;124479;2009886158
78;288910;6804728784
79;112600955;601000129924
80;1407552;35022654140
81;32319;1368083151
82;243838;4868132563
83;25;6466778
84;200;19898308
85;398;17139547
86;692;56388684
87;1140459;19466677350
88;108042;3646756822
89;44711;1113395021
90;149144;6698022517
91;23;3405855
92;32109;7847754112
93;26588;6850198430
94;3144070;45132874898
95;680330;11084535204
96;149658;2534363782
97;663028;12191319567
98;20102;811499290
99;55733;292072808
100;35399613;601000115180
101;2109;299270873
102;4294929;16552809623
103;1157;173544381
104;41;5267654
105;655797;17921683716
106;929304;21700404899
107;1052082;25228330977
108;1413109;26652407932
109;0;843804
110;245587;9255064138
111;235601;9097021893
112;77681641;601000141788
113;5011;199704399
114;50665;6258842306
115;1512565;115969073618
116;212298;5206298516
117;4657;2958872866
118;0;80884
119;0;77803
120;2489818;2866381014
121;114518;2803542925
122;0;2008452665
123;1329846;34711757854
124;565246;5019392716
125;606;32031415
126;52463;2078361834
127;55485;1318323110
128;55196;324438402
129;1408;106616754
130;52998052;319693632863
131;605;11154850
132;0;232751999
133;6219;261474566
134;110138;3565257408
135;585;16695573
136;1;16022778
137;1;23389865
138;322;24247849
139;846238;27300126354
140;50;59972613
141;586720;4787367348
142;106824254;327525539430
143;84378;2595026781
144;62;50292193
145;17935;367461921
146;129479;1750508115
147;107804;3474186442
148;8557;307800375
149;3339;119344082
150;99;88100727
151;9589898;61036465425
152;2457464;46725729046
153;10522;754001548
154;637640;7096527837
155;2742276;38934850584
156;365;5560291
157;10510545;30054826845
158;4356;2819431170
159;2633;1954913464
160;4616;2959255018
161;2862;1598734882
162;922;1040187826
163;234355;4241507508
164;762948;4186947788
165;722671;7370926936
166;63949;1225862150
167;332867;6875654545
168;141917;1705957030
169;5407;65261060
170;2524335;43441059528
171;135714;4362751467
172;856814;11359935144
173;9847936;111580126892
174;3555045;55497134453
175;237239;1868657978
176;2442620;43653906806
177;12879;2885366559
178;3200584;27303812371
179;399879;1497499897
180;90897;1940653218
181;90897;1947629489
182;174663;3232760863
183;147007;2556406161
184;116959;2433248030
185;2672197;31358231349
186;159141;1707830123
187;2419655;24136584399
188;307703;11606763719
189;0;44952549623
190;118;50386182
191;7068;99809411
192;16359;519597108
193;1059972;18969472184
194;0;121605385
195;126384;768030302
196;159399811;217505159830
197;369381;259089861835
198;414778;4581528340
199;2650177;29754059340
200;166950;1806256756
201;296;122201922
202;440287;4022770882
203;2267;156936433
204;1611544;30037535211
205;3552567;26598521363
206;3880057;49247301804
207;97175642;601000086704
208;35109;691053143
209;39872215;232524757939
210;1802014;19849432089
211;1301;1783887594
212;27159;415012658
213;1191;1413764044
214;14048307;117018712005
215;0;59444
216;822121;7514274692
217;332867;6836622633
218;7491937;90245527429
219;4376775;43877898111
220;375892;3803046101
221;502203;6359440289
222;289032;2901850959
223;18;5008752185
224;2986807;48952481280
225;368759;6356342662
226;13125049;78429195566
227;86;81080325
228;12;4470523
229;1132302;16488137645
230;846042;3400952313
231;80982;1257277128
232;18;3712607
233;16424892;331948296174
234;6309820;58958821676
235;1059972;18943341358
236;9607;2324644990
237;186246407;394216694639
238;1848;54136974
239;57;1349227
240;438265;2589946867
241;12536186;101508759406
242;139837755;601000062124
243;332867;6937704332
244;3285215;57680408111
245;78;60015795
246;48924719;447112608755
247;2156;60891191
248;8551;143324365
249;52237314;601000126246
250;4596072;47229961366
251;184770;1649298653
252;3137615;37923803593
253;187144;1618856654
254;72633;2653994090
255;3891;1718238068
256;201;3897349
257;18172000;442467800805
258;432;5163619
259;4514666;14232573676
260;228463;2966269057
261;171;7981179
262;58690;1111772909
263;34344;540188471
264;249427;6860583990
265;9803;5104646574
266;16481;217766964
267;618358;4113889610
268;274375;2524973017
269;49621;1307534098
270;3139658;20519831559
271;0;44250
272;186092;1936745705
273;257;34290678
274;1090250;21190983840
275;243750551;601000049564
276;5;5720556033
277;189207;2461210248
278;617;7215255
279;3717701;35669402290
280;379478;6446780092
281;511366;11528963090
282;0;2000611
283;17943531;107627040230
284;78957;1473286820
285;2556723;38663124216
286;340;37820159
287;202;20101459
288;2820013;17168811862
289;79377;1151562446
290;5099;298725973
291;37794;1130217728
292;433412;8311439409
293;2788161;49257143823
294;720809;16157583450
295;15063;380825989
296;3130253;67386288993
297;2225;41234900
298;144886;5195192378
299;0;57173
300;1508;23239596
301;17769;388645073
302;29;8710703
303;126329;1231285903
304;490806;5100035039
305;0;842763562
306;2524922;44318311588
307;256356;6757123627
308;363588;4836495634
309;330;9661616
310;1096;18007844
311;429123697;601000126791
312;199734;2382811639
313;68;2642286
314;38;1632789
315;46266;531236825
316;129547;1204908370
317;333069;2620246890
318;228945;2031961283
319;2141139;44550905827
320;2202938;23041191601
321;1611544;30083691302
322;252096;8340971799
323;703;1203645442
324;697;559906269
325;3419076;33329373191
326;2457552;32936790569
327;637888;6184177934
328;362;19130799
329;595288;17145170205
330;0;5165948
331;11088;384310404
332;5252;39356782
333;277051204;601000123390
334;267;11203865867
335;9154313;87977369634
336;53224;1929949639
337;750224;9667231988
338;4691808;33413551395
339;3924906;26293295293
340;84467;1031122263
341;968480;3741122682
342;76515318;601000056543
343;4777;34667945
344;1667791;18483789140
345;7482711;82060971227
346;9826268;101691419633
347;3055737;20091518119
348;1221020;13709465722
349;333775;6390500299
350;74248;1674882165
351;209153;326159070
352;66370229;581584757861
353;65742;1221367636
354;4581915;28736346776
355;567048;4798129186
356;373600;5231506261
357;10151;109328952
358;1232253;18424361522
359;0;9226622800
360;3896710;20419171137
361;12724749;103869580199
362;609;10448471
363;19035458;155638925811
364;5600;110796208
365;10;371638
366;169512;1543649158
367;8;1308123
368;51806028;412924362397
369;4694656;29789765747
370;12988;174439835
371;1034781;10613081870
372;91551;1115062907
373;77146613;601000062719
374;76961610;601000054476
375;10147296;84733753223
376;9334577;65031737865
377;80193650;601000062317
378;19207426;93841955071
379;16834611;72799743297
380;9661345;75606858318
381;9661891;75718634412
382;26973329;137723906720
383;19026878;90836395084
384;36605538;154793175706
385;8472299;44148741984
386;8151664;70093711021
387;81565043;601000056238
388;9846037;66939685906
389;17015427;64011004965
390;10381766;38984148587
391;94600745;601000059934
392;5739037;41813940267
393;148786295;601000087576
394;12799;132978315
395;3925529;45832717241
396;17413;137787936
397;1218481;601000092259
398;18898684;159528508744
399;60;1241134
400;6868143;88071131302
401;4114209;25373984061
402;815186;6523614894
403;1660;32377636
404;7050143;98116569246
405;7482711;82475458943
406;38099599;83464048188
407;76946;959824331
408;41106;368143826
409;332973;5246587297
410;14816616;135549472673
411;12152;121929340
412;8713;200650798
413;6046;95642166
414;1050754;7656220869
415;878810;10290479937
416;19;4708772
417;2557738;34183352439
418;158512952;601000042974
419;3285215;33055468939
420;0;10488798092
421;1594397;16037745887
422;4387507;39780603382
423;359667;1878624159
424;1016291;3206792361
425;3284;65721414
426;74965074;102533796672
427;410745;3775763305
428;725974;5682170293
429;185197;3204558526
430;387346;3225206478
431;140879952;601000063566
432;3705926;36820711239
433;139778969;601000050771
434;2965479;25638014483
435;19381788;55917555080
436;5185;24241845
437;1096746;10236036835
438;1613715;27383486317
439;101239721;601000055492
440;66659278;296073334017
441;3555064;30458547259
442;49516209;136827285558
443;44986913;90576223014
444;3608502;49076835528
445;5058550;46775191401
446;796994;4264515293
447;0;273735836
448;75034678;601000053437
449;166092;2010704814
450;92361401;601000094922
451;1057670;11796784611
452;344;5193434
453;499351;5242898212
454;223798;1835035092
455;781;21846889
456;38632553;315615690302
457;1637512;20236561076
458;1195488;11248440937
459;10197290;86241835882
460;91;2021938
461;657;8592453
462;23;2086349843
463;203829;3437015237
464;260132851;601000077529
465;9649;82912616
466;4596658;52909911000
467;2110012;17248963990
468;5384;78180244
469;3423273;29958648719
470;2471;47922348
471;7;261390
472;62;131294148
473;46493635;601000097814
474;55;129958387
475;0;14436648
476;0;22740911
477;0;7361581
478;0;7655412
479;0;6688702
480;275992;3939991617
481;2833224;32064696096
482;677986;5133114548
483;701;14226143
484;82973893;601000067901
485;5683;155614349
486;624905;9130476205
487;6932857;91511512726
488;3561417;47846514265
489;19852610;52768631756
490;12694607;46102177390
491;1148317;11310231723
492;19022029;176284371664
493;6;701674
494;9620;842600353
495;5212;26159171
496;332973;5260039290
497;9620;843615893
498;7217008;78304922210
499;2205131;16493246453
500;79997;846986769
501;61806;592020948
502;0;374560464
503;140;3212562
504;1063629;16616395737
505;10325660;29301269232
506;17;758910
507;12679290;69826489699
508;326956;3301092337
509;221;20853884
510;9182877;12699823198
511;163257;1499020230
512;25826;307714772
513;234039;2219480292
514;3693290;16305808252
515;3581;47967900
516;105656;1276331325
517;215600;1784534204
518;46630;819931701
519;1842;24214812
520;97710619;601000060474
521;27890;372659363
522;23887;1348213610
523;20001889;242683531939
524;0;40307
525;3186;197182926
526;19164962;36241738521
527;0;38935
528;2936517;35972888812
529;20112;240785587
530;366685;2446584086
531;20;446680
532;6207;145211226
533;182458131;601000078646
534;173538549;601000081926
535;157646182;601000084438
536;107882;1268658652
537;2428364;20790385308
538;12314348;32929166209
539;103054;887344215
540;2032438;20319330301
541;370;550360335
542;42878;673417910
543;100534307;601000092440
544;35;1241374
545;746;16702855
546;438840;8080410159
547;193;2376145
548;1232253;18512525624
549;1313129;20612337912
550;2738525;36507193713
551;315;7719775
552;19088327;113717301005
553;4050562;36623205443
554;2;124750
555;15;1589504966
556;62510;1484195828
557;108350;1719964346
558;2094654;20055531383
559;119019;1551510141
560;56081;679285699
561;6641;99805545
562;743163;4497231479
563;6668291;9448088740
564;1273990;17612157662
565;50;573113
566;490;34249596
567;11264;151827978
568;86;24084963
569;13387738;177864152215
570;2109419;17128431181
571;13539;280302695
572;669238;1841467591
573;8422709;71643807239
574;2738525;36469343525
575;11810;374817782
576;102667247;601000064690
577;17442368;281656387055
578;625158;4012682733
579;1228733;18311810370
580;128912554;319242359820
581;1892391;23942981412
582;30293668;271829635964
583;78008963;443384585061
584;211962;2027415566
585;1191;69264079
586;5305483;73396163158
587;345211;2409014340
588;18441082;186274477072
589;222258;1966708144
590;168900;3281424248
591;4654097;18869435145
592;54;1198467383
593;44565;641714979
594;0;4862031870
595;20800589;48378191289
596;427299;5504290652
597;2891704;29714435846
598;14912804;206803308920
599;6932857;93964963164
600;4748;107855816
601;12863771;118290041860
602;62845;1225862793
603;38518;416659704
604;3561417;48689600992
605;93;1757864
606;2526043;30813931573
607;414635;5368620262
608;17607;39844744
609;0;53923
610;24;575207
611;2036057;33079891822
612;426116;3361706181
613;7294053;77523412231
614;19069160;81118060774
615;1586;49528182
616;3139680;24490149399
617;119;3677920352
618;183608;1646731220
619;203749;1536117336
620;3501401;47122328862
621;91455;913089328
622;7245544;37800342007
623;132838;1364129470
624;9380;212422563
625;484413;5132732205
626;0;2982953
627;1233;520489827
628;47;887152
629;201859;1878877753
630;722373;14667784351
631;429941;7535813865
632;220692;2210794199
633;0;854871656
634;492395;4419424229
635;0;263689839
636;0;49294012
637;0;39643
638;3882061;46246332725
639;113161;758585881
640;6202;541453801
641;3723279;32158166141
642;407;16729229
643;23784;420729961
644;293;34911453
645;89583991;601000054401
646;11409;114566700
647;2454492;20265318740
648;99891;906139099
649;3645507;47807023458
650;7187;296320303
651;650934;9139357169
652;295145031;601000081509
653;510770263;601000095782
654;820801;8974774271
655;333140;2339842412
656;582565;4044444059
657;267;11584400
658;22224;291298341
659;9674931;27737045876
660;118554;386286909
661;5860;171757084
662;2641;78286431
663;607171;2279515075
664;6;372139
665;68;44296743
666;170;5111596
667;4280;93261821
668;67706;1231505210
669;104896466;601000064922
670;60571;479136762
671;626020;11304418209
672;45751749;417580986256
673;76232;842646200
674;1259491;4146866188
675;595;7555257
676;57370;904231601
677;302;10850164
678;286237;3594446766
679;11945;183612173
680;14876012;279027201017
681;1136091;8414478398
682;260;3081522
683;34;3071296
684;1076560;9059515342
685;47005;881971406
686;268369;2961713814
687;0;6110000
688;193726;4527364982
689;541406;8611078856
690;2305954;31819008281
691;4431877;103409361033
692;32870;327708329
693;17470183;284114321643
694;2543529;20640776972
695;2305954;31845444097
696;39523;489798395
697;13361139;147511301659
698;105901917;439065705942
699;64230823;601000055348
700;49516226;277660997713
701;2024347;12395665756
702;3295655;37611689273
703;1016291;2862380690
704;23;671025
705;5938;74828326
706;414046;4509747890
707;56;910119
708;7050143;68599263934
709;114780562;601000058369
710;53883271;332088689282
711;4596658;29475804167
712;10089284;57939391658
713;78222146;536840915392
714;2;162013
715;5267;87778362
716;23387;281774451
717;53883271;436566780131
718;311464;2741591333
719;569346;4894011482
720;11750;166978164
721;2980035;26789852396
722;1323002;15104167862
723;3975887;25524748043
724;2674442;27225099783
725;8;364535
726;84996;1124266118
727;696532;8208736941
728;7259361;56051384001
729;15;534631
730;1644219;10312809985
731;137245;2046312146
732;3033;43473068
733;1599231;14457979086
734;3659334;40049999407
735;3822987;31588824399
736;39609445;383154749854
737;53883532;504970838544
738;949234;9588724333
739;3926322;38564714034
740;2521730;22852985983
741;13161;214323211
742;761610;8192344721
743;1671263;20329783129
744;796428;8914163079
745;771676;5287957793
746;480682;4461717538
747;110;2188514
748;1051344;7849134313
749;103432;1174197781
750;636892;4202278122
751;39264;511806904
752;2097300;22735844718
753;1033124;6749618357
754;14895138;148949824132
755;554525;6974019652
756;1164381;6766137905
757;3063058;19347265242
758;1409679;11086473738
759;16912;219578114
760;4293;69632290
761;323065;3310700995
762;76405;1082817548
763;202527;2645290654
764;5008960;28211496786
765;1265322;13661535595
766;22;746606
767;70352;1211826021
768;783309;6365636867
769;1375583;16978826033
770;433028;5517159249
771;2484925;28292302067
772;16588;220807959
773;1029704;7813591677
774;306780;3461645049
775;4783;10386506
776;413;6358508
777;102306;890501558
778;53142;823744261
779;1286292;7910030207
780;1225909;14837608482
781;73132;758766360
782;17457608;182247279209
783;105493;1448358032
784;6550;77214397
785;9419;185802237
786;16172;299766548
787;30452;414470841
788;149063;1604083144
789;104;1690611
790;377209;4666210964
791;45953;436001595
792;405;7380764
793;1057461;8961908443
794;247949;1834635605
795;446067;4502115904
796;499741;2609084122
797;24268;363919577
798;13;473654
799;24;732617
800;11;460682
801;34595;527951527
802;71;1441826
803;98563;1407752819
804;2520538;15286438189
805;28;803954
806;13030;247824997
807;576315;6784958646
808;16;604756
809;16;648024
810;12;511975
811;528465;7500552268
812;19961090;160353095100
813;3081;54703551
814;1607;33778802
815;680052;5348389217
816;141984;1275313208
817;2006726;24230238483
818;179630;2822506220
819;124;2450848
820;1655;31374058
821;150113;1312723552
822;19430075;164698311086
823;970133;8208784831
824;4434689;55110283544
825;41031;470492440
826;19069160;86383482926
827;19341438;194470642851
828;172137;2449003796
829;61525;438527593
830;1670326;11029314388
831;1713264;10414616669
832;266176;2841610265
833;2526106;22773848781
834;7171;69806420
835;234699;2211158633
836;1466;21732527
837;411313;4230161469
838;70346;635634795
839;11196;160681616
840;30306;476068805
841;62;1390924
842;82;1821041
843;43652;403332161
844;693;11068249
845;77287;1083524440
846;15531;143456905
847;2068494;24283854033
848;88403;1076128160
849;3065;56525184
850;260;4162227
851;176;3871867
852;15109;228691572
853;626020;7654046233
854;574760;7539325681
855;69469;812796116
856;582;15556399
857;27;796397
858;805784;5369022699
859;866243;6163747821
860;1491;24106429
861;158454;1067327624
862;933981;10657910507
863;10817;126587681
864;2485;50981736
865;154;2643210
866;184377;1902117672
867;4669;71040832
868;84900;1062652538
869;12586;234772990
870;281719;2849006370
871;1243181;11713123508
872;3320;25857026
873;3991;75749328
874;382;5973523
875;24111;246873925
876;10279;168617239
877;94526;1382089637
878;45;1072576
879;538470;4400194194
880;6;307683
881;99151;1635387226
882;3903;86629926
883;150737;1016039980
884;1493105;7861703054
885;133197;1545330850
886;13861;110790671
887;11054;150140531
888;33970;615893719
889;10;426845
890;3470;51970667
891;47014;670851121
892;16941;296061860
893;623;10204418
894;444;6276947
895;11019;152527943
896;981;19748224
897;75520;593025111
898;26744;289092725
899;7832;140800072
900;59538;956008937
901;9766;182926457
902;18499841;203129467081
903;396347;4409375791
904;525375;5749547075
905;518859;5601285541
906;1832505;8967880356
907;16611881;106043464686
908;742859;3704730180
909;742048;4467977189
910;558667;4246428992
911;561776;4322280867
912;1008;20361923
913;839242;7683950104
914;469088;3088737911
915;152169;1572751337
916;1136249;7257860061
917;620266;2317801177
918;993367;4378715536
919;997151;4665264462
920;509535;3869207474
921;100;1666616
922;31322;360347652
923;30290;540416376
924;18421701;125987886609
925;1;3946832
926;4654;927042547
927;2;369178
928;113;15852546
929;73;38018688
930;647;34009428
931;302342;2342733414
932;188093;1359078513
933;71820;1252646937
934;459;3151854
935;670;34248478
936;0;95090
937;3421;180410569
938;39231;236455438
939;137;1360593
940;6115;103238386
941;5386;28666767
942;7;238607
943;20;2271276
944;67340;376003634
945;13271;156578530
946;0;61233
947;2;446623
948;224218;983524861
949;31;5428536
950;33;65251374
951;3200584;11460267128
952;1964;265656074
953;17285;115094771
954;166950;787920946
955;1274;118623912
956;96310;496389134
957;203;2926006
958;666;4020522
959;375892;1650476632
960;199734;959040221
961;107;2627849
962;1789;6938810
963;722671;3219327205
964;149714;1085051774
965;2120;14394591
966;258;2698535
967;11265;52359785
968;51263;282849810
969;239493;1187133694
970;304018;1957016736
971;0;563764
972;3207;109558138
973;36;1481500
974;32;522696
975;52;16147256
976;15;2010426
977;37;6139376
978;35;1269297
979;0;101185
980;116;21136943
981;3;270382
982;31;927470
983;745440;3475636137
984;2082771;7041414441
985;403;39289027
986;1301;41285663
987;5672;103979600
988;372;83106065
989;65;15671327
990;282;16675568
991;4105;33245971
992;11;7840997
993;731;20391458
994;77;2240059
995;19069110;50650225264
996;23634;121921533
997;59;672849
998;50;9812843
999;63;1390479
1000;0;162855
1001;0;61349
1002;184339;437821462
1003;4691808;8332464114
1004;1399;7668020
1005;0;58808
1006;764;6071124
1007;144264;360540105
1008;20;191937
1009;183;2109211
1010;230708;424226144
1011;54;864800
1012;19069110;19865402803
1013;4097222;5957748439
1014;54;799667
1015;0;61107
1016;233;2458863
1017;195693;521908694
1018;71;891825
1019;153800;502767143
1020;198;446321
1021;211962;582335985
1022;5674;35198120
1023;199974;612419889
1024;156;1358224
1025;12562;37714018
1026;206964;443025281
1027;131;1718776
1028;258263;763998792
1029;588515;562975655
1030;339;3626295
1031;634;5677059
1032;38580;80655685
1033;351;3579259
1034;13692;70767291
1035;396024;850961694
1036;1382;10568264
1037;10331;51989188
1038;157591;339065643
1039;0;64117
1040;262144;522009671
1041;11686;61160653
1042;1;113147
1043;103530;174993675
1044;357;2771030
1045;222258;701852605
1046;0;63173
1047;1335;10673710
1048;10;246647
1049;14;339666
1050;82319;256607772
1051;3228908;6185943548
1052;439921;974881536
1053;865713;1310551037
1054;8;183095
1055;0;55144
1056;3842;25725687
1057;524968;1044006649
1058;71037;290153883
1059;421796;803813365
1060;74;989662
1061;4897;27402918
1062;44786;183149865
1063;29171;60902664
1064;239574;783772562
1065;21182;93959405
1066;1;114398
1067;1;120542
1068;2109463;3615788268
1069;63;851347
1070;4619;9895052
1071;378575;1019855503
1072;167373;499670210
1073;27333;106715553
1074;20;417028
1075;751;6782739
1076;465556;1322533314
1077;43647;133768856
1078;1094276;2150199286
1079;37;570692
1080;309;3549847
1081;0;54480
1082;1089;5881488
1083;9641;23057931
1084;330614;728204862
1085;19260;94600232
1086;1;114702
1087;60;828540
1088;0;51970
1089;0;52797
1090;0;52923
1091;0;53183
1092;1286260;2671369886
1093;0;54128
1094;0;53530
1095;0;51593
1096;1;112093
1097;0;51883
1098;0;51638
1099;102;218062
1100;0;51295
1101;150;1561402
1102;0;64158
1103;62;736013
1104;67;598327
1105;8;222633
1106;45;723996
1107;56069;204910125
1108;167;635588
1109;922;6671311
1110;1599;8235856
1111;341;1731413
1112;2;131837
1113;295;2773365
1114;0;51952
1115;0;52735
1116;0;53070
1117;20;189163
1118;559;5169904
1119;1;115663
1120;763057;1209419242
1121;1128;8605664
1122;2;137753
1123;1;116848
1124;1;121332
1125;285;1848182
1126;54622;221501364
1127;21;438917
1128;42;704339
1129;738071;2012966298
1130;210282;743099266
1131;131;1595122
1132;1;120095
1133;169577;500658650
1134;2465671;4106059858
1135;49395;118582677
1136;42276;85202245
1137;29;516943
1138;4;157908
1139;1000;8340027
1140;33967;102829691
1141;29;362007
1142;805;5758596
1143;249;2704381
1144;11;298324
1145;681;4584428
1146;108;1263399
1147;54;809406
1148;89;1291710
1149;733;6553227
1150;8148;19622881
1151;25269;91193415
1152;7;248027
1153;13846;79421125
1154;318;2223320
1155;3;154824
1156;299;3051632
1157;1;112480
1158;366;3431647
1159;67585;256578284
1160;51987;210489328
1161;35084;123394649
1162;40;549824
1163;1;124055
1164;1;125800
1165;0;62994
1166;204;481174
1167;25239;73326922
1168;1;111860
1169;530395;1203456044
1170;473;4234169
1171;7;166449
1172;0;59581
1173;1420;8567354
1174;95840;192025209
1175;7172;44466404
1176;40;645364
1177;15528;49369947
1178;282;2670302
1179;52516;152400316
1180;1;129150
1181;5344;25195267
1182;14;200246
1183;38;525140
1184;114;1425439
1185;1;111916
1186;55;589182
1187;5335;28422406
1188;2;134805
1189;23;420979
1190;222;1981046
1191;305;1717004
1192;1542;12365706
1193;37769;100992608
1194;1429;9603630
1195;3;151293
1196;6698;42181543
1197;0;65449
1198;34;630576
1199;534;5224700
1200;56842;186967708
1201;8890;43008383
1202;45;444206
1203;9296;40789177
1204;1;112093
1205;1;111550
1206;9;208100
1207;20;407951
1208;890;6385803
1209;34897;154755624
1210;6002;40291985
1211;7;224888
1212;1;118375
1213;338;1673128
1214;16;302732
1215;1;125923
1216;1;117185
1217;4123;24184443
1218;35;583022
1219;27;479442
1220;42888;119652592
1221;1511;11779534
1222;222;2258574
1223;210;1779983
1224;133534;482172547
1225;3600;17383041
1226;18963;80318514
1227;17;326710
1228;277;2632546
1229;114;1219402
1230;0;55211
1231;0;54104
1232;1491;11889344
1233;13;299613
1234;6;212975
1235;5581;18906928
1236;38;669095
1237;84342;177410646
1238;1341;6855743
1239;78;928314
1240;148678;344646316
1241;50;729440
1242;320;3328588
1243;666426;1111767200
1244;316590;578722148
1245;0;54250
1246;259;2802733
1247;1;126114
1248;1;118520
1249;1051;9158926
1250;1;127421
1251;1;125234
1252;3;139702
1253;2;136575
1254;479;4940666
1255;1;112920
1256;0;61050
1257;0;59605
1258;0;58402
1259;0;61728
1260;0;66789
1261;0;64583
1262;12912;68997368
1263;1100;8559031
1264;150;1912736
1265;10183;43108308
1266;2721;18122979
1267;500;4845103
1268;269;2842342
1269;1;113030
1270;3649;12552155
1271;654;4641161
1272;72;859295
1273;860;5964889
1274;34;610538
1275;13;265170
1276;3394;21420890
1277;1501;8219431
1278;24969;84097491
1279;5;192638
1280;185;2099999
1281;70;954166
1282;27503;120181301
1283;27;502369
1284;215;1786858
1285;76;970951
1286;13472;70448384
1287;299485;585742963
1288;1;117665
1289;1;110020
1290;1;112756
1291;1;118577
1292;68;787663
1293;9;251995
1294;0;64760
