 Loading the index...--- SPO ---
A (bytes) : 4344763148
C (bytes) : 232727587
--- OSP ---
A (bytes) : 2317833965
C (bytes) : 233091643
--- POS ---
A (bytes) : 4344763148
C (bytes) : 177225969

 Index loaded 11650405492 bytes
0;1000;5063211
1;1000;269577402
2;1000;13574773
3;1000;858614603
4;1000;315025899
5;57;1702881334
6;1000;84980409
7;1000;506747432
8;1000;193041722
9;1000;16272196
10;1000;70362108
11;1000;155485634
12;1000;253159756
13;57;1738881013
14;1000;10304082
15;1000;24989799
16;1000;147250652
17;1000;8958600
18;1000;56277323
19;1000;381884092
20;0;64781056
21;1000;8318567
22;1000;25066414514
23;1000;50302367
24;1000;14686180
25;1000;12042996
26;1000;14266670
27;1000;4696660
28;1000;10009728
29;1000;886454
30;1000;185684410
31;1000;1335821517
32;1000;10479227
33;1000;18383981
34;1000;4915436
35;1000;68805053
36;183;110466388374
37;1000;76556953
38;1000;6937872
39;1000;15434370
40;1000;2621739562
41;1000;26001431
42;1000;43080540
43;1000;159462566
44;8;1919742642
45;1000;65553489
46;229;1928557559
47;0;2843082
48;71;2265810555
49;1000;18294762
50;1000;24764001
51;1000;42212017
52;1000;39210652
53;1000;24785453
54;1000;18406075
55;1000;37643509
56;1000;342014085
57;0;3716234112
58;83;1912951739
59;79;1915834762
60;1000;17731460
61;1000;24012763
62;95;19271548
63;1000;2889920
64;1000;38961445
65;1000;22059381
66;0;39254806
67;0;25667453
68;28;25812351
69;20;53084555
70;1000;39494577
71;1000;34867409
72;1000;431433437
73;1000;316475651
74;1000;85389503
75;1000;12272744
76;1000;17944774
77;1000;10097739
78;1000;23138898
79;1000;5974798
80;1000;34588716
81;1000;32002430
82;1000;17789086
83;25;6978695
84;200;21871027
85;398;20713286
86;692;66912514
87;1000;13378881
88;1000;37450893
89;1000;14089357
90;1000;32265733
91;23;3791563
92;1000;294344752
93;1000;294258397
94;1000;11753786
95;1000;15682196
96;1000;21853397
97;1000;11532101
98;1000;59136317
99;1000;4938334
100;1000;25248914
101;1000;114072136
102;1000;66605527
103;1000;151334063
104;41;7348580
105;1000;31006170
106;1000;26678146
107;1000;28688292
108;1000;12508015
109;0;829807
110;1000;71208810
111;1000;73851681
112;1000;8588869
113;1000;38703157
114;1000;117763495
115;1000;72455223
116;1000;28184552
117;1000;623752585
118;0;113489
119;0;112165
120;1000;2396031
121;1000;28265885
122;0;2027537271
123;1000;23721546
124;1000;10141269
125;606;37023642
126;1000;47859789
127;1000;25503289
128;1000;12367016
129;1000;82798399
130;1000;10330317
131;605;13222736
132;0;233507713
133;1000;51997718
134;1000;27107841
135;585;23564090
136;1;18067738
137;1;26527926
138;322;26692886
139;1000;34008501
140;50;75254829
141;1000;5502986
142;1000;2331701
143;1000;21174011
144;62;51755548
145;1000;21356334
146;1000;15203837
147;1000;35375753
148;1000;33479375
149;1000;34783817
150;99;88544173
151;1000;7846277
152;1000;31459131
153;1000;84336624
154;1000;19780216
155;1000;16039703
156;365;5618538
157;1000;2876828
158;1000;673385006
159;1000;666150336
160;1000;712643625
161;1000;613898971
162;922;1057725663
163;1000;15761821
164;1000;7782335
165;1000;15909469
166;1000;18301990
167;1000;27039021
168;1000;21231094
169;1000;18184222
170;1000;24589210
171;1000;29335987
172;1000;18204967
173;1000;6926635
174;1000;15731021
175;1000;5514179
176;1000;23607833
177;1000;335825493
178;1000;15754619
179;1000;4267740
180;1000;26011151
181;1000;25943654
182;1000;32664296
183;1000;15960481
184;1000;15657089
185;1000;12577738
186;1000;14228795
187;1000;14348367
188;1000;32316089
189;0;32370533694
190;118;51786399
191;1000;19236796
192;1000;34286623
193;1000;23035541
194;0;109332805
195;1000;4202549
196;1000;2007509
197;1000;349057740
198;1000;11191060
199;1000;17768671
200;1000;16343986
201;296;126614275
202;1000;11785628
203;1000;80925584
204;1000;24821955
205;1000;6046380
206;1000;10908256
207;1000;6349471
208;1000;24100897
209;1000;41228058
210;1000;10567590
211;1000;374012373
212;1000;19992455
213;1000;454420400
214;1000;5321056
215;0;71726
216;1000;8661829
217;1000;27170963
218;1000;7700034
219;1000;8063827
220;1000;15440344
221;1000;15937866
222;1000;28622728
223;18;5041237964
224;1000;23333541
225;1000;21372611
226;1000;10565739
227;86;114144625
228;12;4726361
229;1000;11868117
230;1000;5433346
231;1000;17826552
232;18;4505309
233;1000;25398854
234;1000;11714490
235;1000;22983533
236;1000;382456306
237;1000;2685417
238;1000;34907324
239;57;1817434
240;1000;5325111
241;1000;7676505
242;1000;4798344
243;1000;27213418
244;1000;29085282
245;78;85535574
246;1000;8295321
247;1000;36033953
248;1000;24015422
249;1000;27707269
250;1000;11012274
251;1000;9547416
252;1000;36175348
253;1000;8511068
254;1000;26122979
255;1000;143613281
256;201;5637862
257;1000;28623503
258;432;5899501
259;1000;6660598
260;1000;19506236
261;171;10212743
262;1000;18432595
263;1000;23777848
264;1000;31404483
265;1000;1110682103
266;1000;17902301
267;1000;7912489
268;1000;6764322
269;1000;18913370
270;1000;5625353
271;0;57785
272;1000;25737870
273;257;37217922
274;1000;28198988
275;1000;4892091
276;5;6218152254
277;1000;24564553
278;617;8726825
279;1000;7347204
280;1000;14558892
281;1000;126839590
282;0;2359419
283;1000;4928994
284;1000;9007441
285;1000;19545649
286;340;41532483
287;202;21965098
288;1000;3884995
289;1000;15945253
290;1000;111885693
291;1000;10754732
292;1000;56729832
293;1000;14831874
294;1000;27944200
295;1000;34291881
296;1000;26306521
297;1000;22433280
298;1000;53148761
299;0;75523
300;1000;10674168
301;1000;25010151
302;29;10801765
303;1000;7948737
304;1000;11145232
305;0;846393057
306;1000;27750172
307;1000;31133003
308;1000;13696103
309;330;13350199
310;1000;21710325
311;1000;3441055
312;1000;14464840
313;68;3582335
314;38;2037988
315;1000;18082359
316;1000;10859959
317;1000;8547584
318;1000;7458980
319;1000;30219443
320;1000;10482777
321;1000;24774362
322;1000;31473662
323;703;1628337788
324;697;571337859
325;1000;102361092
326;1000;20634186
327;1000;17908137
328;362;23137118
329;1000;34651428
330;0;5213642
331;1000;34812119
332;1000;12695957
333;1000;4301517
334;267;11254985640
335;1000;10057841
336;1000;33512394
337;1000;18027550
338;1000;13922180
339;1000;8117887
340;1000;7966648
341;1000;552921647
342;1000;3751760
343;1000;9433763
344;1000;15998325
345;1000;9879515
346;1000;7255489
347;1000;8355356
348;1000;12968813
349;1000;21467227
350;1000;30268955
351;1000;2311185
352;1000;9825233
353;1000;26030944
354;1000;5170494
355;1000;10073208
356;1000;17392393
357;1000;16146204
358;1000;20141199
359;0;9320198914
360;1000;3547667
361;1000;10737290
362;609;14541691
363;1000;13280550
364;1000;20550987
365;10;479985
366;1000;7536677
367;8;1383289
368;1000;5266386
369;1000;7809075
370;1000;15154039
371;1000;22625303
372;1000;13346214
373;1000;10086388
374;1000;7855712
375;1000;7648385
376;1000;4234633
377;1000;11350101
378;1000;1795796
379;1000;4198814
380;1000;5960170
381;1000;5986945
382;1000;1790459
383;1000;1805600
384;1000;1801355
385;1000;4977901
386;1000;6617648
387;1000;8387568
388;1000;4216274
389;1000;3311215
390;1000;1816686
391;1000;9319290
392;1000;7860684
393;1000;7922204
394;1000;10955122
395;1000;16084026
396;1000;10064918
397;1000;35502922
398;1000;11682655
399;60;1634629
400;1000;17814217
401;1000;8057372
402;1000;13410993
403;1000;21824701
404;1000;25333910
405;1000;9853238
406;1000;3246013
407;1000;15678297
408;1000;17465949
409;1000;21633982
410;1000;16283016
411;1000;14776255
412;1000;32117971
413;1000;21252697
414;1000;6786240
415;1000;15195461
416;19;6129311
417;1000;18127422
418;1000;5179281
419;1000;15241508
420;0;10601838902
421;1000;17271246
422;1000;7496784
423;1000;3950544
424;1000;7046235
425;1000;24544682
426;1000;2181601
427;1000;9436578
428;1000;6800688
429;1000;21119590
430;1000;10440138
431;1000;8407134
432;1000;15938556
433;1000;4782182
434;1000;12949310
435;1000;6033193
436;1000;4843904
437;1000;9739259
438;1000;22930332
439;1000;8607432
440;1000;9229677
441;1000;8359874
442;1000;4968044
443;1000;2136981
444;1000;19395909
445;1000;10797242
446;1000;4502358
447;0;442350000909
448;1000;6981195
449;1000;17509360
450;1000;9399221
451;1000;13781435
452;344;6302147
453;1000;14102893
454;1000;6284227
455;781;28136140
456;1000;8489587
457;1000;11101287
458;1000;12738546
459;1000;837452
460;91;2826118
461;657;11332920
462;23;2095267729
463;1000;21928928
464;1000;3915982
465;1000;12247589
466;1000;10629298
467;1000;14544260
468;1000;19522746
469;1000;10198984
470;1000;26934701
471;7;342008
472;62;132645402
473;1000;14813618
474;55;131439141
475;0;14622152
476;0;22991403
477;0;7450975
478;0;7752936
479;0;6763888
480;1000;16686668
481;1000;9719043
482;1000;8961221
483;701;20541128
484;1000;11269512
485;1000;33016892
486;1000;18864177
487;1000;11544774
488;1000;10953807
489;1000;11424364
490;1000;8434633
491;1000;18070050
492;1000;14231130
493;6;1344262
494;1000;46302317
495;1000;6526929
496;1000;21562617
497;1000;46250657
498;1000;9996574
499;1000;7970859
500;1000;13548173
501;1000;8759608
502;0;453241213
503;140;4202952
504;1000;20865825
505;1000;4010867
506;17;864392
507;1000;8419716
508;1000;12726609
509;221;25049962
510;1000;2184111
511;1000;12760236
512;1000;18405589
513;1000;11539292
514;1000;4719862
515;1000;15956571
516;1000;12809586
517;1000;10929225
518;1000;11687006
519;1000;12932748
520;1000;8486266
521;1000;10505702
522;1000;25646217
523;1000;16889310
524;0;53793
525;1000;30678907
526;1000;2961803
527;0;53022
528;1000;16535109
529;1000;16862221
530;1000;5100733
531;20;480044
532;1000;21440785
533;1000;3934245
534;1000;5341249
535;1000;4447334
536;1000;15465718
537;1000;13042924
538;1000;3987932
539;1000;18759687
540;1000;17440658
541;370;641905977
542;1000;26215210
543;1000;8467776
544;35;1672014
545;746;21989919
546;1000;18972134
547;193;3540616
548;1000;20118578
549;1000;16991886
550;1000;12561106
551;315;9633898
552;1000;6926233
553;1000;12515328
554;2;159882
555;15;1597298640
556;1000;32107303
557;1000;19178577
558;1000;13589661
559;1000;19923777
560;1000;15553709
561;1000;21099636
562;1000;5311953
563;1000;2194641
564;1000;11677730
565;50;710826
566;490;37018789
567;1000;18557372
568;86;24957697
569;1000;20546690
570;1000;14741714
571;1000;30655068
572;1000;3736425
573;1000;5602191
574;1000;12513971
575;1000;15316199
576;1000;9685712
577;1000;25285070
578;1000;16961753
579;1000;18583107
580;1000;3404134
581;1000;10872686
582;1000;6344301
583;1000;9118613
584;1000;15478502
585;1000;70948748
586;1000;15121261
587;1000;14021607
588;1000;15634664
589;1000;15632168
590;1000;26456014
591;1000;3133827
592;54;1374348025
593;1000;12855584
594;0;5157540171
595;1000;3759442
596;1000;17713205
597;1000;9152289
598;1000;21908318
599;1000;11569092
600;1000;20510711
601;1000;16219549
602;1000;23609763
603;1000;14094343
604;1000;10965150
605;93;2349992
606;1000;22300119
607;1000;16511726
608;1000;4154262
609;0;70222
610;24;795918
611;1000;22475399
612;1000;9529966
613;1000;15476229
614;1000;5447621
615;1000;38236465
616;1000;7408273
617;119;4750860707
618;1000;12022539
619;1000;10134470
620;1000;23391616
621;1000;10635388
622;1000;6143547
623;1000;14914969
624;1000;20078817
625;1000;17391462
626;0;3006941
627;1000;160132065
628;47;1216770
629;1000;11949636
630;1000;26174561
631;1000;16164228
632;1000;13434624
633;0;861966851
634;1000;9678493
635;0;305851694
636;0;60227794
637;0;54247
638;1000;10351709
639;1000;9919860
640;1000;43697803
641;1000;6890187
642;407;19346006
643;1000;21671855
644;293;38142942
645;1000;7056454
646;1000;14567847
647;1000;16959361
648;1000;17854217
649;1000;19270653
650;1000;46638242
651;1000;17692665
652;1000;3162088
653;1000;1915560
654;1000;10686194
655;1000;7792877
656;1000;5781560
657;267;13973735
658;1000;16617311
659;1000;4001720
660;1000;4474664
661;1000;33537491
662;1000;22922879
663;1000;7283672
664;6;425206
665;68;45844579
666;170;6621453
667;1000;26643386
668;1000;18755341
669;1000;9757514
670;1000;5572021
671;1000;27019160
672;1000;7099848
673;1000;19445194
674;1000;6085585
675;595;10018515
676;1000;20449683
677;302;9607966
678;1000;22237509
679;1000;12440433
680;1000;26547035
681;1000;6332045
682;260;2805358
683;34;2324592
684;1000;8190834
685;1000;17100308
686;1000;20488136
687;0;3803895
688;1000;18228412
689;1000;16721627
690;1000;15549206
691;1000;26187300
692;1000;13336631
693;1000;20148208
694;1000;10073308
695;1000;15515585
696;1000;16615111
697;1000;11138804
698;1000;4977879
699;1000;9360697
700;1000;6432954
701;1000;9823547
702;1000;13762148
703;1000;5802983
704;23;586233
705;1000;15410535
706;1000;12379051
707;56;769287
708;1000;13134555
709;1000;7643528
710;1000;10703570
711;1000;4634809
712;1000;5196707
713;1000;9619921
714;2;128905
715;1000;13562494
716;1000;13678409
717;1000;10719737
718;1000;6980203
719;1000;8811100
720;1000;19169071
721;1000;11383738
722;1000;12146822
723;1000;6753341
724;1000;11877209
725;8;313380
726;1000;17566762
727;1000;12345526
728;1000;6845452
729;15;487620
730;1000;10468254
731;1000;14987310
732;1000;12100851
733;1000;9467893
734;1000;14362862
735;1000;12588666
736;1000;12204911
737;1000;10767742
738;1000;10475817
739;1000;11545169
740;1000;15376427
741;1000;17197598
742;1000;16284791
743;1000;14150419
744;1000;11376182
745;1000;5484228
746;1000;11615589
747;110;1898698
748;1000;6482795
749;1000;9691437
750;1000;5442016
751;1000;12797088
752;1000;12113760
753;1000;4805403
754;1000;15494141
755;1000;13550978
756;1000;7112728
757;1000;7040093
758;1000;10523940
759;1000;7688370
760;1000;16649342
761;1000;10766810
762;1000;11880921
763;1000;12130964
764;1000;6101679
765;1000;12489082
766;22;592526
767;1000;17337751
768;1000;6953596
769;1000;15256764
770;1000;11599779
771;1000;12046629
772;1000;12059874
773;1000;6275385
774;1000;10228680
775;1000;2888554
776;413;6268584
777;1000;8870137
778;1000;16153301
779;1000;8576218
780;1000;11080692
781;1000;14352207
782;1000;14689707
783;1000;11800082
784;1000;7687464
785;1000;18392968
786;1000;18083235
787;1000;10544462
788;1000;12670014
789;104;1348580
790;1000;12933770
791;1000;11480701
792;405;7506956
793;1000;10377042
794;1000;8040537
795;1000;11271291
796;1000;3381890
797;1000;14651137
798;13;403169
799;24;680067
800;11;426732
801;1000;13331461
802;71;1200505
803;1000;13359997
804;1000;8744260
805;28;725889
806;1000;17142726
807;1000;15051369
808;16;557159
809;16;601199
810;12;467082
811;1000;15312165
812;1000;12014709
813;1000;16901301
814;1000;21181059
815;1000;7695037
816;1000;6950714
817;1000;17662840
818;1000;17452917
819;124;2104700
820;1000;18390321
821;1000;14370967
822;1000;15765144
823;1000;11301572
824;1000;15371254
825;1000;18137752
826;1000;5353604
827;1000;13732518
828;1000;13227807
829;1000;15350086
830;1000;6757116
831;1000;5547952
832;1000;13393406
833;1000;13484812
834;1000;5263804
835;1000;9459965
836;1000;13115856
837;1000;12006519
838;1000;11223512
839;1000;16078531
840;1000;11523507
841;62;1189604
842;82;1503968
843;1000;6064438
844;693;11270751
845;1000;13060581
846;1000;10537950
847;1000;15720939
848;1000;13760880
849;1000;18391542
850;260;4355981
851;176;3427622
852;1000;15681633
853;1000;13046692
854;1000;11783479
855;1000;9076510
856;582;15218297
857;27;657619
858;1000;5431341
859;1000;8562669
860;1000;17134046
861;1000;8419661
862;1000;12814773
863;1000;16408078
864;1000;19467976
865;154;2374938
866;1000;7499147
867;1000;12604021
868;1000;10296050
869;1000;18046431
870;1000;14795902
871;1000;10540903
872;1000;7495287
873;1000;16016041
874;382;5873233
875;1000;8219656
876;1000;17425700
877;1000;15359084
878;45;918614
879;1000;16727928
880;6;294150
881;1000;16956374
882;1000;22377598
883;1000;8816280
884;1000;9150418
885;1000;10144486
886;1000;9554615
887;1000;15867579
888;1000;17008352
889;10;375537
890;1000;13688144
891;1000;14327169
892;1000;14329048
893;623;10100810
894;444;5608254
895;1000;9426221
896;981;19412270
897;1000;9598273
898;1000;11320599
899;1000;18114506
900;1000;13311173
901;1000;17464070
902;1000;13603328
903;1000;17878020
904;1000;12150036
905;1000;12017509
906;1000;4832090
907;1000;10257403
908;1000;6705542
909;1000;4039237
910;1000;13734826
911;1000;14690871
912;1000;19826861
913;1000;16585987
914;1000;12289633
915;1000;14068058
916;1000;5659229
917;1000;2240781
918;1000;4481404
919;1000;3894117
920;1000;12526078
921;100;1503101
922;1000;13868111
923;1000;18380942
924;1000;9401298
925;1;2499479
926;1000;170092157
927;2;264459
928;113;9996774
929;73;24847510
930;647;22999867
931;1000;5857691
932;1000;5983026
933;1000;9899753
934;459;2481521
935;670;22861931
936;0;86023
937;1000;38253765
938;1000;5363544
939;137;950742
940;1000;19085117
941;1000;5048781
942;7;176181
943;20;1423138
944;1000;4701784
945;1000;9287499
946;0;52400
947;2;296074
948;1000;3730942
949;31;3419924
950;33;41694686
951;1000;3598049
952;1000;99484491
953;1000;4750469
954;1000;3937302
955;1000;62044406
956;1000;4618811
957;203;1908303
958;666;2987593
959;1000;3525270
960;1000;3214222
961;107;1761636
962;1000;3358242
963;1000;3604337
964;1000;5529806
965;1000;5519871
966;258;1925190
967;1000;4215275
968;1000;8790176
969;1000;4937835
970;1000;4598677
971;0;364107
972;1000;26816659
973;36;949230
974;32;367133
975;52;10049451
976;15;1253886
977;37;3814563
978;35;792753
979;0;88810
980;116;13342562
981;3;252667
982;31;620120
983;1000;3658774
984;1000;4543030
985;403;25279367
986;1000;19414329
987;1000;20375383
988;372;52917105
989;65;9746988
990;282;10542402
991;1000;6145796
992;11;4881799
993;731;13200595
994;77;1420935
995;1000;2820546
996;1000;4788683
997;59;476695
998;50;6108928
999;63;917811
1000;0;114432
1001;0;53340
1002;1000;3838944
1003;1000;1562469
1004;1000;3555728
1005;0;52453
1006;764;3852498
1007;1000;3677712
1008;20;164402
1009;183;1338477
1010;1000;2363941
1011;54;512854
1012;1000;1166467
1013;1000;1809079
1014;54;510270
1015;0;53476
1016;233;1570024
1017;1000;1698711
1018;71;553152
1019;1000;2394596
1020;198;317577
1021;1000;2479600
1022;1000;3038313
1023;1000;1325409
1024;156;864802
1025;1000;2827599
1026;1000;2462085
1027;131;1063359
1028;1000;2696438
1029;1000;1017744
1030;339;2281248
1031;634;3578449
1032;1000;897125
1033;351;2246734
1034;1000;3150076
1035;1000;1053862
1036;1000;4965672
1037;1000;2363054
1038;1000;2203145
1039;0;52620
1040;1000;1196801
1041;1000;4021668
1042;1;93902
1043;1000;1577109
1044;357;1772327
1045;1000;3122857
1046;0;42475
1047;1000;5056792
1048;10;173826
1049;14;227854
1050;1000;2170713
1051;1000;1641744
1052;1000;3083466
1053;1000;3841012
1054;8;155322
1055;0;49251
1056;1000;4527099
1057;1000;3470636
1058;1000;3319360
1059;1000;931840
1060;74;637607
1061;1000;4065695
1062;1000;3299685
1063;1000;2546436
1064;1000;3012463
1065;1000;2738923
1066;1;91774
1067;1;99933
1068;1000;2633082
1069;63;548178
1070;1000;1827561
1071;1000;1650671
1072;1000;2075316
1073;1000;3160773
1074;20;274487
1075;751;4266464
1076;1000;2312658
1077;1000;3290970
1078;1000;1253942
1079;37;371449
1080;309;2245715
1081;0;48788
1082;1000;3595633
1083;1000;2295304
1084;1000;2709581
1085;1000;3844493
1086;1;98143
1087;60;527732
1088;0;47998
1089;0;47572
1090;0;46558
1091;0;46926
1092;1000;2601008
1093;0;46380
1094;0;45740
1095;0;45000
1096;1;87003
1097;0;46191
1098;0;46408
1099;102;164880
1100;0;46632
1101;150;984929
1102;0;43100
1103;62;475280
1104;67;593588
1105;8;156132
1106;45;460825
1107;1000;3277455
1108;167;424313
1109;922;4211409
1110;1000;3460452
1111;341;1138147
1112;2;112267
1113;295;1739316
1114;0;47482
1115;0;48567
1116;0;49095
1117;20;141213
1118;559;3284529
1119;1;88935
1120;1000;2310703
1121;1000;4867249
1122;2;113749
1123;1;97284
1124;1;104036
1125;285;1197467
1126;1000;3120782
1127;21;287945
1128;42;453595
1129;1000;1652201
1130;1000;2565972
1131;131;989956
1132;1;98369
1133;1000;3319948
1134;1000;2270534
1135;1000;3496445
1136;1000;1105689
1137;29;335377
1138;4;138058
1139;1000;5244569
1140;1000;3398996
1141;29;241797
1142;805;3674458
1143;249;1695058
1144;11;207639
1145;681;2922727
1146;108;804516
1147;54;505860
1148;89;820841
1149;733;4157072
1150;1000;1003732
1151;1000;3488554
1152;7;157525
1153;1000;3417515
1154;318;1405151
1155;3;114068
1156;299;1927181
1157;1;90965
1158;366;2189701
1159;1000;2751303
1160;1000;3147242
1161;1000;3804490
1162;40;357689
1163;1;100651
1164;1;106480
1165;0;56248
1166;204;371630
1167;1000;2876988
1168;1;91010
1169;1000;1201991
1170;473;2695328
1171;7;145017
1172;0;40742
1173;1000;3974215
1174;1000;2685446
1175;1000;3857758
1176;40;413097
1177;1000;3208410
1178;282;1674398
1179;1000;2238489
1180;1;103752
1181;1000;2412841
1182;14;180795
1183;38;353076
1184;114;891790
1185;1;91744
1186;55;392899
1187;1000;4160085
1188;2;117827
1189;23;278460
1190;222;1241682
1191;305;1085284
1192;1000;5310126
1193;1000;2481539
1194;1000;4619656
1195;3;131778
1196;1000;3899857
1197;0;55812
1198;34;404083
1199;534;3273627
1200;1000;2219657
1201;1000;2545943
1202;45;326239
1203;1000;3785487
1204;1;90492
1205;1;89975
1206;9;149169
1207;20;268290
1208;890;4036427
1209;1000;3152794
1210;1000;4516852
1211;7;157033
1212;1;100311
1213;338;1111129
1214;16;209633
1215;1;106342
1216;1;99693
1217;1000;4211292
1218;35;379783
1219;27;311800
1220;1000;2982212
1221;1000;4869958
1222;222;1411991
1223;210;1152559
1224;1000;2641793
1225;1000;3638917
1226;1000;3320075
1227;17;217820
1228;277;1656391
1229;114;773304
1230;0;50396
1231;0;47944
1232;1000;4945219
1233;13;294335
1234;6;154675
1235;1000;2979513
1236;38;433719
1237;1000;2590071
1238;1000;3156243
1239;78;597510
1240;1000;1904446
1241;50;470364
1242;320;2118489
1243;1000;1918706
1244;1000;2297146
1245;0;47319
1246;259;1773571
1247;1;108228
1248;1;102054
1249;1000;5515129
1250;1;107020
1251;1;105953
1252;3;120202
1253;2;117146
1254;479;3120477
1255;1;93885
1256;0;40965
1257;0;39050
1258;0;39840
1259;0;40523
1260;0;56449
1261;0;56141
1262;1000;3832601
1263;1000;4801224
1264;150;1206652
1265;1000;2198225
1266;1000;4628591
1267;500;3074508
1268;269;1784688
1269;1;94148
1270;1000;2831513
1271;654;2916062
1272;72;548017
1273;860;3814162
1274;34;385272
1275;13;185753
1276;1000;3680070
1277;1000;3080663
1278;1000;3263917
1279;5;169803
1280;185;1362767
1281;70;603865
1282;1000;3459799
1283;27;357270
1284;215;1152796
1285;76;623575
1286;1000;2914785
1287;1000;2318618
1288;1;94690
1289;1;91910
1290;1;90457
1291;1;99255
1292;68;512234
1293;9;171981
1294;0;53812
